<?xml version="1.0" encoding="UTF-8"?>
<testng-results ignored="0" total="0" passed="0" failed="0" skipped="0">
  <reporter-output>
  </reporter-output>
  <suite started-at="2020-07-22T12:07:51 ART" name="TestSearch" finished-at="2020-07-22T12:07:51 ART" duration-ms="9">
    <groups>
    </groups>
    <test started-at="2020-07-22T12:07:51 ART" name="Command line test" finished-at="2020-07-22T12:07:51 ART" duration-ms="9">
    </test> <!-- Command line test -->
  </suite> <!-- TestSearch -->
</testng-results>
